<?xml version="1.0" encoding="UTF-8"?>
<!-- Generated by org.testng.reporters.JUnitXMLReporter -->
<testsuite ignored="0" hostname="LAPTOP-T0GNIEM2" failures="0" tests="5" name="Default test" time="80.454" errors="0" timestamp="03 Mar 2024 14:12:20 GMT">
  <testcase classname="mercuryTravels.qa.testcases.SearchAllDetailsPageTest" name="flightSearch" time="22.708"/>
  <testcase classname="mercuryTravels.qa.testcases.SearchAllDetailsPageTest" name="selectDifferentTypeOfSeat" time="7.803"/>
  <testcase classname="mercuryTravels.qa.testcases.SearchAllDetailsPageTest" name="validateBookingButton" time="11.965"/>
  <testcase classname="mercuryTravels.qa.testcases.SearchAllDetailsPageTest" name="validateCityName" time="9.202"/>
  <testcase classname="mercuryTravels.qa.testcases.SearchAllDetailsPageTest" name="validateFlightName" time="13.071"/>
</testsuite> <!-- Default test -->
