<?xml version="1.0" encoding="UTF-8"?>
<!-- Generated by org.testng.reporters.JUnitXMLReporter -->
<testsuite ignored="0" hostname="LAPTOP-T0GNIEM2" failures="0" tests="15" name="Test Cases" time="216.745" errors="0" timestamp="03 Mar 2024 14:16:16 GMT">
  <testcase classname="mercuryTravels.qa.testcases.LoginPageTest" name="invalidPassword" time="6.053"/>
  <testcase classname="mercuryTravels.qa.testcases.LoginPageTest" name="invalidUsername" time="0.731"/>
  <testcase classname="mercuryTravels.qa.testcases.LoginPageTest" name="loginPageTest" time="0.231"/>
  <testcase classname="mercuryTravels.qa.testcases.LoginPageTest" name="loginPageTitleTest" time="0.053"/>
  <testcase classname="mercuryTravels.qa.testcases.LoginPageTest" name="loginWithoutAnyDetails" time="0.517"/>
  <testcase classname="mercuryTravels.qa.testcases.LoginPageTest" name="validUsernameAndValidPassword" time="5.81"/>
  <testcase classname="mercuryTravels.qa.testcases.SearchAllDetailsPageTest" name="flightSearch" time="22.694"/>
  <testcase classname="mercuryTravels.qa.testcases.SearchAllDetailsPageTest" name="selectDifferentTypeOfSeat" time="7.654"/>
  <testcase classname="mercuryTravels.qa.testcases.SearchAllDetailsPageTest" name="validateBookingButton" time="12.023"/>
  <testcase classname="mercuryTravels.qa.testcases.SearchAllDetailsPageTest" name="validateCityName" time="9.859"/>
  <testcase classname="mercuryTravels.qa.testcases.SearchAllDetailsPageTest" name="validateFlightName" time="11.878"/>
  <testcase classname="mercuryTravels.qa.testcases.FlightsAllFieldValidationPageTest" name="validateDifferentTypeOfSeat" time="12.334"/>
  <testcase classname="mercuryTravels.qa.testcases.FlightsAllFieldValidationPageTest" name="validateFlightField" time="1.131"/>
  <testcase classname="mercuryTravels.qa.testcases.SeatBookingPageTest" name="clickOnFlights" time="35.776"/>
  <testcase classname="mercuryTravels.qa.testcases.SeatBookingPageTest" name="validateSeatPricing" time="40.594"/>
</testsuite> <!-- Test Cases -->
